Build started 20/02/2013 22:28:07.
     1>Project "C:\Users\Henri\Documents\GitHub\AStarAlgorithm\AStar\AStar.vcxproj" on node 2 (build target(s)).
     1>C:\Program Files (x86)\MSBuild\Microsoft.Cpp\v4.0\Microsoft.CppBuild.targets(299,5): warning MSB8004: Output Directory does not end with a trailing slash.  This build instance will add the slash as it is required to allow proper evaluation of the Output Directory.
         Creating directory "C:\Users\Henri\Documents\GitHub\AStarAlgorithm\\Build\".
     1>InitializeBuildStatus:
         Creating "Debug\AStar.unsuccessfulbuild" because "AlwaysCreate" was specified.
       ClCompile:
         All outputs are up-to-date.
       Link:
         c:\Program Files (x86)\Microsoft Visual Studio 10.0\VC\bin\link.exe /ERRORREPORT:PROMPT /OUT:"C:\Users\Henri\Documents\GitHub\AStarAlgorithm\\Build\AStar.exe" /INCREMENTAL:NO /NOLOGO kernel32.lib user32.lib gdi32.lib winspool.lib comdlg32.lib advapi32.lib shell32.lib ole32.lib oleaut32.lib uuid.lib odbc32.lib odbccp32.lib /MANIFEST /ManifestFile:"Debug\AStar.exe.intermediate.manifest" /MANIFESTUAC:"level='asInvoker' uiAccess='false'" /DEBUG /PDB:"C:\Users\Henri\Documents\GitHub\AStarAlgorithm\Build\AStar.pdb" /SUBSYSTEM:CONSOLE /TLBID:1 /DYNAMICBASE /NXCOMPAT /IMPLIB:"C:\Users\Henri\Documents\GitHub\AStarAlgorithm\\Build\AStar.lib" /MACHINE:X86 Debug\Main.obj
         Debug\Map.obj
         Debug\PathFinder.obj
     1>Main.obj : warning LNK4075: ignoring '/EDITANDCONTINUE' due to '/INCREMENTAL:NO' specification
         AStar.vcxproj -> C:\Users\Henri\Documents\GitHub\AStarAlgorithm\\Build\AStar.exe
       Manifest:
         C:\Program Files (x86)\Microsoft SDKs\Windows\v7.0A\bin\mt.exe /nologo /verbose /outputresource:"C:\Users\Henri\Documents\GitHub\AStarAlgorithm\\Build\AStar.exe;#1" /manifest Debug\AStar.exe.intermediate.manifest
       FinalizeBuildStatus:
         Deleting file "Debug\AStar.unsuccessfulbuild".
         Touching "Debug\AStar.lastbuildstate".
     1>Done Building Project "C:\Users\Henri\Documents\GitHub\AStarAlgorithm\AStar\AStar.vcxproj" (build target(s)).

Build succeeded.

Time Elapsed 00:00:00.48
